<?xml version="1.0" encoding="UTF-8"?>
<testsuite name="Busqueda exitosa con datos de Excel" tests="1" skipped="0" failures="0" errors="0" timestamp="2022-02-18T22:41:49" hostname="LAPTOP-9TBB0PEP" time="82.255">
  <properties/>
  <testcase name="Buscar en Google" classname="Busqueda exitosa con datos de Excel" time="82.255"/>
  <system-out><![CDATA[]]></system-out>
  <system-err><![CDATA[Starting ChromeDriver 98.0.4758.48 (d869ab3eda60629b9fabbd4e30c0f833466c83fd-refs/branch-heads/4758@{#415}) on port 51139
Only local connections are allowed.
Please see https://chromedriver.chromium.org/security-considerations for suggestions on keeping ChromeDriver safe.
ChromeDriver was started successfully.
feb 18, 2022 5:41:52 PM org.openqa.selenium.remote.ProtocolHandshake createSession
INFORMACIÓN: Detected dialect: W3C
[Test worker] INFO net.thucydides.core.steps.ConsoleLoggingListener - 
        __    _____ _____ ____ _____   ____   _    ____  ____  _____ ____  
  _     \ \  |_   _| ____/ ___|_   _| |  _ \ / \  / ___|/ ___|| ____|  _ \ 
 (_)_____| |   | | |  _| \___ \ | |   | |_) / _ \ \___ \\___ \|  _| | | | |
  _|_____| |   | | | |___ ___) || |   |  __/ ___ \ ___) |___) | |___| |_| |
 (_)     | |   |_| |_____|____/ |_|   |_| /_/   \_\____/|____/|_____|____/ 
        /_/                                                                

TEST PASSED: Buscar en Google
----------------------------------------------------------------------------
]]></system-err>
</testsuite>
